<?xml version="1.0" encoding="UTF-8"?>
<beans xmlns="http://www.springframework.org/schema/beans"
	xmlns:xsi="http://www.w3.org/2001/XMLSchema-instance"
	xmlns:context="http://www.springframework.org/schema/context"
	xmlns:util="http://www.springframework.org/schema/util"
	xmlns:task="http://www.springframework.org/schema/task"
	xsi:schemaLocation="http://www.springframework.org/schema/task http://www.springframework.org/schema/task/spring-task-3.2.xsd
		http://www.springframework.org/schema/beans http://www.springframework.org/schema/beans/spring-beans.xsd
		http://www.springframework.org/schema/util http://www.springframework.org/schema/util/spring-util-3.2.xsd
		http://www.springframework.org/schema/context http://www.springframework.org/schema/context/spring-context-3.2.xsd">
  	
    <bean id="testInputProducer" class="com.talentica.job4j.test.TestInputProducer"/>
    <bean id="testTask" class="com.talentica.job4j.test.TestTask" scope="prototype"/>
    <bean id="testOutputConsumer" class="com.talentica.job4j.test.TestOutputConsumer"/> 
 	
	<bean id="testJob" class="com.talentica.job4j.impl.queue.QueueJob">
		<property name="name" value="TestJob" />
		<property name="startCronSchedule" value="0 * * * *" />
		<property name="stopCronSchedule" value="55 * * * *" />				
		<property name="timeZone" value="IST" />
		
		<property name="inputProducer" ref="testInputProducer" />		
		<property name="task" ref="testTask" />
		<property name="outputConsumer" ref="testOutputConsumer" />	
		
		<property name="maxThreadCount" value="5" />
  		<property name="threadSleepTime" value="4000" />
	</bean>

</beans>

